<?xml version="1.0" encoding="UTF-8" ?>
<testsuite errors="0" failures="0" hostname="sid-HP-Pavilion-Notebook" name="AirportTest" skipped="0" tests="5" time="0.092" timestamp="2020-08-01T08:36:27">
  <properties>
[...]
</properties>
  <testcase classname="AirportTest" name="generateAllReports" time="0.035" />
  <testcase classname="AirportTest" name="bookTickets" time="0.002" />
  <testcase classname="AirportTest" name="loadFlightInfo" time="0.001" />
  <testcase classname="AirportTest" name="generateFlightReport" time="0.001" />
  <testcase classname="AirportTest" name="checkPassenger" time="0.003" />
  <system-out><![CDATA[Booking for John Smith successful with PNR 06AB00
Booking for Bob Miller successful with PNR 07AF00
Booking for Mary Garcia successful with PNR 06AB01
Booking for Maria Smith successful with PNR 09AE00
Booking for Geeta Patil successful with PNR 02CA00
Booking for Aditi Rao successful with PNR 07AF01
Booking for Rita Singth successful with PNR 07AF02
Booking for Rahul Shah successful with PNR 06AB02
Booking for Harsh Mittal successful with PNR 02CA01
Booking for Raj Patel successful with PNR 05EB00
Booking for John Smith successful with PNR 06AB00
Booking for Bob Miller successful with PNR 07AF00
Booking for Mary Garcia successful with PNR 06AB01
Booking for Maria Smith successful with PNR 09AE00
Booking for Geeta Patil successful with PNR 02CA00
Booking for Aditi Rao successful with PNR 07AF01
Booking for Rita Singth successful with PNR 07AF02
Booking for Rahul Shah successful with PNR 06AB02
Booking for Harsh Mittal successful with PNR 02CA01
Booking for Raj Patel successful with PNR 05EB00
Booking for John Smith successful with PNR 06AB00
Booking for Bob Miller successful with PNR 07AF00
Booking for Mary Garcia successful with PNR 06AB01
Booking for Maria Smith successful with PNR 09AE00
Booking for Geeta Patil successful with PNR 02CA00
Booking for Aditi Rao successful with PNR 07AF01
Booking for Rita Singth successful with PNR 07AF02
Booking for Rahul Shah successful with PNR 06AB02
Booking for Harsh Mittal successful with PNR 02CA01
Booking for Raj Patel successful with PNR 05EB00
Booking for John Smith successful with PNR 06AB00
Booking for Bob Miller successful with PNR 07AF00
Booking for Mary Garcia successful with PNR 06AB01
Booking for Maria Smith successful with PNR 09AE00
Booking for Geeta Patil successful with PNR 02CA00
Booking for Aditi Rao successful with PNR 07AF01
Booking for Rita Singth successful with PNR 07AF02
Booking for Rahul Shah successful with PNR 06AB02
Booking for Harsh Mittal successful with PNR 02CA01
Booking for Raj Patel successful with PNR 05EB00
Booking for John Smith successful with PNR 06AB00
Booking for Bob Miller successful with PNR 07AF00
Booking for Mary Garcia successful with PNR 06AB01
Booking for Maria Smith successful with PNR 09AE00
Booking for Geeta Patil successful with PNR 02CA00
Booking for Aditi Rao successful with PNR 07AF01
Booking for Rita Singth successful with PNR 07AF02
Booking for Rahul Shah successful with PNR 06AB02
Booking for Harsh Mittal successful with PNR 02CA01
Booking for Raj Patel successful with PNR 05EB00
]]></system-out>
  <system-err><![CDATA[]]></system-err>
</testsuite>
